This is LuaHBTeX, Version 1.24.0 (MiKTeX 26.2) (format=lualatex 2026.2.22)  4 JUN 2026 18:59
 restricted system commands enabled.
**./lab4.tex
(./lab4.tex
LaTeX2e <2025-11-01>
L3 programming layer <2026-01-19>
Lua module: luaotfload 2024-12-03 v3.29 Lua based OpenType font support
Lua module: lualibs 2023-07-13 v2.76 ConTeXt Lua standard libraries.
Lua module: lualibs-extended 2023-07-13 v2.76 ConTeXt Lua libraries -- extended 
collection.
luaotfload | conf : Root cache directory is "C:/Users/tburdinat/AppData/Local/Mi
KTeX/luatex-cache/generic/names".
luaotfload | init : Loading fontloader "fontloader-2023-12-28.lua" from kpse-res
olved path "C:/Users/tburdinat/AppData/Local/Programs/MiKTeX/tex/luatex/luaotflo
ad/fontloader-2023-12-28.lua".
Lua-only attribute luaotfload@noligature = 1
luaotfload | init : Context OpenType loader version 3.134
Inserting `luaotfload.node_processor' in `pre_linebreak_filter'.
Inserting `luaotfload.node_processor' in `hpack_filter'.
Inserting `luaotfload.glyph_stream' in `glyph_stream_provider'.
Inserting `luaotfload.define_font' in `define_font'.
Lua-only attribute luaotfload_color_attribute = 2
luaotfload | conf : Root cache directory is "C:/Users/tburdinat/AppData/Local/Mi
KTeX/luatex-cache/generic/names".
Inserting `luaotfload.harf.strip_prefix' in `find_opentype_file'.
Inserting `luaotfload.harf.strip_prefix' in `find_truetype_file'.
Removing  `luaotfload.glyph_stream' from `glyph_stream_provider'.
Inserting `luaotfload.harf.glyphstream' in `glyph_stream_provider'.
Inserting `luaotfload.harf.finalize_vlist' in `post_linebreak_filter'.
Inserting `luaotfload.harf.finalize_hlist' in `hpack_filter'.
Inserting `luaotfload.cleanup_files' in `wrapup_run'.
Inserting `luaotfload.harf.finalize_unicode' in `finish_pdffile'.
Inserting `luaotfload.glyphinfo' in `glyph_info'.
Lua-only attribute luaotfload.letterspace_done = 3
Inserting `luaotfload.aux.set_sscale_dimens' in `luaotfload.patch_font'.
Inserting `luaotfload.aux.set_font_index' in `luaotfload.patch_font'.
Inserting `luaotfload.aux.patch_cambria_domh' in `luaotfload.patch_font'.
Inserting `luaotfload.aux.fixup_fontdata' in `luaotfload.patch_font_unsafe'.
Inserting `luaotfload.aux.set_capheight' in `luaotfload.patch_font'.
Inserting `luaotfload.aux.set_xheight' in `luaotfload.patch_font'.
Inserting `luaotfload.rewrite_fontname' in `luaotfload.patch_font'.
Inserting `tracingstacklevels' in `input_level_string'. (C:/Users/tburdinat/App
Data/Local/Programs/MiKTeX/tex/latex/base/article.cls
Document Class: article 2025/01/22 v1.4n Standard LaTeX document class
(C:/Users/tburdinat/AppData/Local/Programs/MiKTeX/tex/latex/base/size11.clo
File: size11.clo 2025/01/22 v1.4n Standard LaTeX file (size option)
luaotfload | db : Font names database loaded from C:/Users/tburdinat/AppData/Loc
al/MiKTeX/luatex-cache/generic/names/luaotfload-names.luc.gz)
\c@part=\count273
\c@section=\count274
\c@subsection=\count275
\c@subsubsection=\count276
\c@paragraph=\count277
\c@subparagraph=\count278
\c@figure=\count279
\c@table=\count280
\abovecaptionskip=\skip49
\belowcaptionskip=\skip50
\bibindent=\dimen147
)
(C:/Users/tburdinat/AppData/Local/Programs/MiKTeX/tex/latex/base/inputenc.sty
Package: inputenc 2024/02/08 v1.3d Input encoding file
\inpenc@prehook=\toks17
\inpenc@posthook=\toks18


Package inputenc Warning: inputenc package ignored with utf8 based engines.

) (C:/Users/tburdinat/AppData/Local/Programs/MiKTeX/tex/latex/base/fontenc.sty
Package: fontenc 2025/07/18 v2.1d Standard LaTeX package
LaTeX Font Info:    Trying to load font information for T1+lmr on input line 11
6.

(C:/Users/tburdinat/AppData/Local/Programs/MiKTeX/tex/latex/lm/t1lmr.fd
File: t1lmr.fd 2015/05/01 v1.6.1 Font defs for Latin Modern
))
(C:/Users/tburdinat/AppData/Local/Programs/MiKTeX/tex/latex/lm/lmodern.sty
Package: lmodern 2015/05/01 v1.6.1 Latin Modern Fonts
LaTeX Font Info:    Overwriting symbol font `operators' in version `normal'
(Font)                  OT1/cmr/m/n --> OT1/lmr/m/n on input line 22.
LaTeX Font Info:    Overwriting symbol font `letters' in version `normal'
(Font)                  OML/cmm/m/it --> OML/lmm/m/it on input line 23.
LaTeX Font Info:    Overwriting symbol font `symbols' in version `normal'
(Font)                  OMS/cmsy/m/n --> OMS/lmsy/m/n on input line 24.
LaTeX Font Info:    Overwriting symbol font `largesymbols' in version `normal'
(Font)                  OMX/cmex/m/n --> OMX/lmex/m/n on input line 25.
LaTeX Font Info:    Overwriting symbol font `operators' in version `bold'
(Font)                  OT1/cmr/bx/n --> OT1/lmr/bx/n on input line 26.
LaTeX Font Info:    Overwriting symbol font `letters' in version `bold'
(Font)                  OML/cmm/b/it --> OML/lmm/b/it on input line 27.
LaTeX Font Info:    Overwriting symbol font `symbols' in version `bold'
(Font)                  OMS/cmsy/b/n --> OMS/lmsy/b/n on input line 28.
LaTeX Font Info:    Overwriting symbol font `largesymbols' in version `bold'
(Font)                  OMX/cmex/m/n --> OMX/lmex/m/n on input line 29.
LaTeX Font Info:    Overwriting math alphabet `\mathbf' in version `normal'
(Font)                  OT1/cmr/bx/n --> OT1/lmr/bx/n on input line 31.
LaTeX Font Info:    Overwriting math alphabet `\mathsf' in version `normal'
(Font)                  OT1/cmss/m/n --> OT1/lmss/m/n on input line 32.
LaTeX Font Info:    Overwriting math alphabet `\mathit' in version `normal'
(Font)                  OT1/cmr/m/it --> OT1/lmr/m/it on input line 33.
LaTeX Font Info:    Overwriting math alphabet `\mathtt' in version `normal'
(Font)                  OT1/cmtt/m/n --> OT1/lmtt/m/n on input line 34.
LaTeX Font Info:    Overwriting math alphabet `\mathbf' in version `bold'
(Font)                  OT1/cmr/bx/n --> OT1/lmr/bx/n on input line 35.
LaTeX Font Info:    Overwriting math alphabet `\mathsf' in version `bold'
(Font)                  OT1/cmss/bx/n --> OT1/lmss/bx/n on input line 36.
LaTeX Font Info:    Overwriting math alphabet `\mathit' in version `bold'
(Font)                  OT1/cmr/bx/it --> OT1/lmr/bx/it on input line 37.
LaTeX Font Info:    Overwriting math alphabet `\mathtt' in version `bold'
(Font)                  OT1/cmtt/m/n --> OT1/lmtt/m/n on input line 38.
)
(C:/Users/tburdinat/AppData/Local/Programs/MiKTeX/tex/latex/geometry/geometry.s
ty
Package: geometry 2020/01/02 v5.9 Page Geometry

(C:/Users/tburdinat/AppData/Local/Programs/MiKTeX/tex/latex/graphics/keyval.sty
Package: keyval 2022/05/29 v1.15 key=value parser (DPC)
\KV@toks@=\toks19
)
(C:/Users/tburdinat/AppData/Local/Programs/MiKTeX/tex/generic/iftex/ifvtex.sty
Package: ifvtex 2019/10/25 v1.7 ifvtex legacy package. Use iftex instead.

(C:/Users/tburdinat/AppData/Local/Programs/MiKTeX/tex/generic/iftex/iftex.sty
Package: iftex 2024/12/12 v1.0g TeX engine tests
))
\Gm@cnth=\count281
\Gm@cntv=\count282
\c@Gm@tempcnt=\count283
\Gm@bindingoffset=\dimen148
\Gm@wd@mp=\dimen149
\Gm@odd@mp=\dimen150
\Gm@even@mp=\dimen151
\Gm@layoutwidth=\dimen152
\Gm@layoutheight=\dimen153
\Gm@layouthoffset=\dimen154
\Gm@layoutvoffset=\dimen155
\Gm@dimlist=\toks20

(C:/Users/tburdinat/AppData/Local/Programs/MiKTeX/tex/latex/geometry/geometry.c
fg))
(C:/Users/tburdinat/AppData/Local/Programs/MiKTeX/tex/generic/babel/babel.sty
Package: babel 2026/01/26 v26.2 The multilingual framework for LuaLaTeX, pdfLaT
eX and XeLaTeX

(C:/Users/tburdinat/AppData/Local/Programs/MiKTeX/tex/generic/babel/luababel.de
f
\bbl@readstream=\read2
\l@afrikaans=\language2
Package babel Info: Non-standard hyphenation setup on input line 118.
\l@ancientgreek=\language3
\l@armenian=\language4
\l@assamese=\language5
\l@basque=\language6
\l@belarusian=\language7
\l@bengali=\language8
\l@bokmal=\language9
\l@bulgarian=\language10
\l@catalan=\language11
\l@churchslavonic=\language12
\l@classiclatin=\language13
\l@coptic=\language14
\l@croatian=\language15
\l@czech=\language16
\l@danish=\language17
\l@dutch=\language18
\l@esperanto=\language19
\l@estonian=\language20
\l@ethiopic=\language21
\l@finnish=\language22
\l@french=\language23
\l@friulan=\language24
\l@galician=\language25
\l@georgian=\language26
\l@german=\language27
\l@greek=\language28
\l@gujarati=\language29
\l@hindi=\language30
\l@hungarian=\language31
\l@icelandic=\language32
\l@indonesian=\language33
\l@interlingua=\language34
\l@irish=\language35
\l@italian=\language36
\l@kannada=\language37
\l@kurmanji=\language38
\l@latin=\language39
\l@latvian=\language40
\l@lithuanian=\language41
\l@liturgicallatin=\language42
\l@macedonian=\language43
\l@malayalam=\language44
\l@marathi=\language45
\l@mongolian=\language46
\l@mongolianlmc=\language47
\l@monogreek=\language48
\l@ngerman=\language49
\l@nynorsk=\language50
\l@occitan=\language51
\l@oriya=\language52
\l@pali=\language53
\l@panjabi=\language54
\l@piedmontese=\language55
\l@polish=\language56
\l@portuguese=\language57
\l@romanian=\language58
\l@romansh=\language59
\l@russian=\language60
\l@sanskrit=\language61
\l@serbian=\language62
\l@serbianc=\language63
\l@slovak=\language64
\l@slovenian=\language65
\l@spanish=\language66
\l@swedish=\language67
\l@swissgerman=\language68
\l@tamil=\language69
\l@telugu=\language70
\l@thai=\language71
\l@turkish=\language72
\l@turkmen=\language73
\l@ukenglish=\language74
\l@ukrainian=\language75
\l@uppersorbian=\language76
\l@usenglishmax=\language77
\l@welsh=\language78
\babelcatcodetablenum=\catcodetable14
\bbl@pattcodes=\catcodetable15
)
\babel@savecnt=\count284
LaTeX Encoding Info:    Redeclaring text command \ij (encoding OT1) on input li
ne 2078.
LaTeX Encoding Info:    Redeclaring text command \IJ (encoding OT1) on input li
ne 2080.
LaTeX Encoding Info:    Redeclaring text command \ij (encoding T1) on input lin
e 2082.
LaTeX Encoding Info:    Redeclaring text command \IJ (encoding T1) on input lin
e 2083.
LaTeX Encoding Info:    Ignoring declaration for text command \ij (encoding ?) 
on input line 2084.
LaTeX Encoding Info:    Ignoring declaration for text command \IJ (encoding ?) 
on input line 2086.
LaTeX Encoding Info:    Ignoring declaration for text command \SS (encoding ?) 
on input line 2111.
\U@D=\dimen156
\l@unhyphenated=\language79

(C:/Users/tburdinat/AppData/Local/Programs/MiKTeX/tex/generic/babel/luababel.de
f
\bbl@attr@locale=\attribute4
)
Package babel Info: Configuration files are deprecated, as
(babel)             they can break document portability.
(babel)             Reported on input line 4206.

*************************************
* Local config file bblopts.cfg used
*
(C:/Users/tburdinat/AppData/Local/Programs/MiKTeX/tex/latex/arabi/bblopts.cfg
File: bblopts.cfg 2005/09/08 v0.1 add Arabic and Farsi to "declared" options of
 babel
)
(C:/Users/tburdinat/AppData/Local/Programs/MiKTeX/tex/generic/babel/locale/en/b
abel-english.tex)
Package babel Info: Importing font and identification data for english
(babel)             from babel-en.ini. Reported on input line 4330.

(C:/Users/tburdinat/AppData/Local/Programs/MiKTeX/tex/latex/babel-english/engli
sh.ldf
Language: english 2017/06/06 v3.3r English support from the babel system
Package babel Info: Hyphen rules for 'canadian' set to \l@english
(babel)             (\language0). Reported on input line 102.
Package babel Info: Hyphen rules for 'australian' set to \l@ukenglish
(babel)             (\language74). Reported on input line 105.
Package babel Info: Hyphen rules for 'newzealand' set to \l@ukenglish
(babel)             (\language74). Reported on input line 108.
))
(C:/Users/tburdinat/AppData/Local/Programs/MiKTeX/tex/latex/xcolor/xcolor.sty
Package: xcolor 2024/09/29 v3.02 LaTeX color extensions (UK)

(C:/Users/tburdinat/AppData/Local/Programs/MiKTeX/tex/latex/graphics-cfg/color.
cfg
File: color.cfg 2016/01/02 v1.6 sample color configuration
)
Package xcolor Info: Driver file: luatex.def on input line 274.

(C:/Users/tburdinat/AppData/Local/Programs/MiKTeX/tex/latex/graphics-def/luatex
.def
File: luatex.def 2025/09/29 v1.2f Graphics/color driver for luatex
)
(C:/Users/tburdinat/AppData/Local/Programs/MiKTeX/tex/latex/graphics/mathcolor.
ltx)
Package xcolor Info: Model `cmy' substituted by `cmy0' on input line 1349.
Package xcolor Info: Model `hsb' substituted by `rgb' on input line 1353.
Package xcolor Info: Model `RGB' extended on input line 1365.
Package xcolor Info: Model `HTML' substituted by `rgb' on input line 1367.
Package xcolor Info: Model `Hsb' substituted by `hsb' on input line 1368.
Package xcolor Info: Model `tHsb' substituted by `hsb' on input line 1369.
Package xcolor Info: Model `HSB' substituted by `hsb' on input line 1370.
Package xcolor Info: Model `Gray' substituted by `gray' on input line 1371.
Package xcolor Info: Model `wave' substituted by `hsb' on input line 1372.
)
(C:/Users/tburdinat/AppData/Local/Programs/MiKTeX/tex/latex/tcolorbox/tcolorbox
.sty
Package: tcolorbox 2025/11/28 version 6.9.0 text color boxes

(C:/Users/tburdinat/AppData/Local/Programs/MiKTeX/tex/latex/pgf/frontendlayer/t
ikz.sty
(C:/Users/tburdinat/AppData/Local/Programs/MiKTeX/tex/latex/pgf/basiclayer/pgf.
sty
(C:/Users/tburdinat/AppData/Local/Programs/MiKTeX/tex/latex/pgf/utilities/pgfrc
s.sty
(C:/Users/tburdinat/AppData/Local/Programs/MiKTeX/tex/generic/pgf/utilities/pgf
util-common.tex
\pgfutil@everybye=\toks21
\pgfutil@tempdima=\dimen157
\pgfutil@tempdimb=\dimen158
)
(C:/Users/tburdinat/AppData/Local/Programs/MiKTeX/tex/generic/pgf/utilities/pgf
util-latex.def
\pgfutil@abb=\box53
)
(C:/Users/tburdinat/AppData/Local/Programs/MiKTeX/tex/generic/pgf/utilities/pgf
rcs.code.tex
(C:/Users/tburdinat/AppData/Local/Programs/MiKTeX/tex/generic/pgf/pgf.revision.
tex)
Package: pgfrcs 2025-08-29 v3.1.11a (3.1.11a)
))
Package: pgf 2025-08-29 v3.1.11a (3.1.11a)

(C:/Users/tburdinat/AppData/Local/Programs/MiKTeX/tex/latex/pgf/basiclayer/pgfc
ore.sty
(C:/Users/tburdinat/AppData/Local/Programs/MiKTeX/tex/latex/graphics/graphicx.s
ty
Package: graphicx 2024/12/31 v1.2e Enhanced LaTeX Graphics (DPC,SPQR)

(C:/Users/tburdinat/AppData/Local/Programs/MiKTeX/tex/latex/graphics/graphics.s
ty
Package: graphics 2024/08/06 v1.4g Standard LaTeX Graphics (DPC,SPQR)

(C:/Users/tburdinat/AppData/Local/Programs/MiKTeX/tex/latex/graphics/trig.sty
Package: trig 2023/12/02 v1.11 sin cos tan (DPC)
)
(C:/Users/tburdinat/AppData/Local/Programs/MiKTeX/tex/latex/graphics-cfg/graphi
cs.cfg
File: graphics.cfg 2016/06/04 v1.11 sample graphics configuration
)
Package graphics Info: Driver file: luatex.def on input line 106.
)
\Gin@req@height=\dimen159
\Gin@req@width=\dimen160
)
(C:/Users/tburdinat/AppData/Local/Programs/MiKTeX/tex/latex/pgf/systemlayer/pgf
sys.sty
(C:/Users/tburdinat/AppData/Local/Programs/MiKTeX/tex/generic/pgf/systemlayer/p
gfsys.code.tex
Package: pgfsys 2025-08-29 v3.1.11a (3.1.11a)

(C:/Users/tburdinat/AppData/Local/Programs/MiKTeX/tex/generic/pgf/utilities/pgf
keys.code.tex
\pgfkeys@pathtoks=\toks22
\pgfkeys@temptoks=\toks23

(C:/Users/tburdinat/AppData/Local/Programs/MiKTeX/tex/generic/pgf/utilities/pgf
keyslibraryfiltered.code.tex
\pgfkeys@tmptoks=\toks24
))
\pgf@x=\dimen161
\pgf@y=\dimen162
\pgf@xa=\dimen163
\pgf@ya=\dimen164
\pgf@xb=\dimen165
\pgf@yb=\dimen166
\pgf@xc=\dimen167
\pgf@yc=\dimen168
\pgf@xd=\dimen169
\pgf@yd=\dimen170
\w@pgf@writea=\write3
\r@pgf@reada=\read3
\c@pgf@counta=\count285
\c@pgf@countb=\count286
\c@pgf@countc=\count287
\c@pgf@countd=\count288
\t@pgf@toka=\toks25
\t@pgf@tokb=\toks26
\t@pgf@tokc=\toks27
\pgf@sys@id@count=\count289

(C:/Users/tburdinat/AppData/Local/Programs/MiKTeX/tex/generic/pgf/systemlayer/p
gf.cfg
File: pgf.cfg 2025-08-29 v3.1.11a (3.1.11a)
)
Driver file for pgf: pgfsys-luatex.def

(C:/Users/tburdinat/AppData/Local/Programs/MiKTeX/tex/generic/pgf/systemlayer/p
gfsys-luatex.def
File: pgfsys-luatex.def 2025-08-29 v3.1.11a (3.1.11a)

(C:/Users/tburdinat/AppData/Local/Programs/MiKTeX/tex/generic/pgf/systemlayer/p
gfsys-common-pdf.def
File: pgfsys-common-pdf.def 2025-08-29 v3.1.11a (3.1.11a)
)))
(C:/Users/tburdinat/AppData/Local/Programs/MiKTeX/tex/generic/pgf/systemlayer/p
gfsyssoftpath.code.tex
File: pgfsyssoftpath.code.tex 2025-08-29 v3.1.11a (3.1.11a)
\pgfsyssoftpath@smallbuffer@items=\count290
\pgfsyssoftpath@bigbuffer@items=\count291
)
(C:/Users/tburdinat/AppData/Local/Programs/MiKTeX/tex/generic/pgf/systemlayer/p
gfsysprotocol.code.tex
File: pgfsysprotocol.code.tex 2025-08-29 v3.1.11a (3.1.11a)
))
(C:/Users/tburdinat/AppData/Local/Programs/MiKTeX/tex/generic/pgf/basiclayer/pg
fcore.code.tex
Package: pgfcore 2025-08-29 v3.1.11a (3.1.11a)

(C:/Users/tburdinat/AppData/Local/Programs/MiKTeX/tex/generic/pgf/math/pgfmath.
code.tex
(C:/Users/tburdinat/AppData/Local/Programs/MiKTeX/tex/generic/pgf/math/pgfmathu
til.code.tex)
(C:/Users/tburdinat/AppData/Local/Programs/MiKTeX/tex/generic/pgf/math/pgfmathp
arser.code.tex
\pgfmath@dimen=\dimen171
\pgfmath@count=\count292
\pgfmath@box=\box54
\pgfmath@toks=\toks28
\pgfmath@stack@operand=\toks29
\pgfmath@stack@operation=\toks30
)
(C:/Users/tburdinat/AppData/Local/Programs/MiKTeX/tex/generic/pgf/math/pgfmathf
unctions.code.tex)
(C:/Users/tburdinat/AppData/Local/Programs/MiKTeX/tex/generic/pgf/math/pgfmathf
unctions.basic.code.tex)
(C:/Users/tburdinat/AppData/Local/Programs/MiKTeX/tex/generic/pgf/math/pgfmathf
unctions.trigonometric.code.tex)
(C:/Users/tburdinat/AppData/Local/Programs/MiKTeX/tex/generic/pgf/math/pgfmathf
unctions.random.code.tex)
(C:/Users/tburdinat/AppData/Local/Programs/MiKTeX/tex/generic/pgf/math/pgfmathf
unctions.comparison.code.tex)
(C:/Users/tburdinat/AppData/Local/Programs/MiKTeX/tex/generic/pgf/math/pgfmathf
unctions.base.code.tex)
(C:/Users/tburdinat/AppData/Local/Programs/MiKTeX/tex/generic/pgf/math/pgfmathf
unctions.round.code.tex)
(C:/Users/tburdinat/AppData/Local/Programs/MiKTeX/tex/generic/pgf/math/pgfmathf
unctions.misc.code.tex)
(C:/Users/tburdinat/AppData/Local/Programs/MiKTeX/tex/generic/pgf/math/pgfmathf
unctions.integerarithmetics.code.tex)
(C:/Users/tburdinat/AppData/Local/Programs/MiKTeX/tex/generic/pgf/math/pgfmathc
alc.code.tex)
(C:/Users/tburdinat/AppData/Local/Programs/MiKTeX/tex/generic/pgf/math/pgfmathf
loat.code.tex
\c@pgfmathroundto@lastzeros=\count293
))
(C:/Users/tburdinat/AppData/Local/Programs/MiKTeX/tex/generic/pgf/math/pgfint.c
ode.tex)
(C:/Users/tburdinat/AppData/Local/Programs/MiKTeX/tex/generic/pgf/basiclayer/pg
fcorepoints.code.tex
File: pgfcorepoints.code.tex 2025-08-29 v3.1.11a (3.1.11a)
\pgf@picminx=\dimen172
\pgf@picmaxx=\dimen173
\pgf@picminy=\dimen174
\pgf@picmaxy=\dimen175
\pgf@pathminx=\dimen176
\pgf@pathmaxx=\dimen177
\pgf@pathminy=\dimen178
\pgf@pathmaxy=\dimen179
\pgf@xx=\dimen180
\pgf@xy=\dimen181
\pgf@yx=\dimen182
\pgf@yy=\dimen183
\pgf@zx=\dimen184
\pgf@zy=\dimen185
)
(C:/Users/tburdinat/AppData/Local/Programs/MiKTeX/tex/generic/pgf/basiclayer/pg
fcorepathconstruct.code.tex
File: pgfcorepathconstruct.code.tex 2025-08-29 v3.1.11a (3.1.11a)
\pgf@path@lastx=\dimen186
\pgf@path@lasty=\dimen187
)
(C:/Users/tburdinat/AppData/Local/Programs/MiKTeX/tex/generic/pgf/basiclayer/pg
fcorepathusage.code.tex
File: pgfcorepathusage.code.tex 2025-08-29 v3.1.11a (3.1.11a)
\pgf@shorten@end@additional=\dimen188
\pgf@shorten@start@additional=\dimen189
)
(C:/Users/tburdinat/AppData/Local/Programs/MiKTeX/tex/generic/pgf/basiclayer/pg
fcorescopes.code.tex
File: pgfcorescopes.code.tex 2025-08-29 v3.1.11a (3.1.11a)
\pgfpic=\box55
\pgf@hbox=\box56
\pgf@layerbox@main=\box57
\pgf@picture@serial@count=\count294
)
(C:/Users/tburdinat/AppData/Local/Programs/MiKTeX/tex/generic/pgf/basiclayer/pg
fcoregraphicstate.code.tex
File: pgfcoregraphicstate.code.tex 2025-08-29 v3.1.11a (3.1.11a)
\pgflinewidth=\dimen190
)
(C:/Users/tburdinat/AppData/Local/Programs/MiKTeX/tex/generic/pgf/basiclayer/pg
fcoretransformations.code.tex
File: pgfcoretransformations.code.tex 2025-08-29 v3.1.11a (3.1.11a)
\pgf@pt@x=\dimen191
\pgf@pt@y=\dimen192
\pgf@pt@temp=\dimen193
)
(C:/Users/tburdinat/AppData/Local/Programs/MiKTeX/tex/generic/pgf/basiclayer/pg
fcorequick.code.tex
File: pgfcorequick.code.tex 2025-08-29 v3.1.11a (3.1.11a)
)
(C:/Users/tburdinat/AppData/Local/Programs/MiKTeX/tex/generic/pgf/basiclayer/pg
fcoreobjects.code.tex
File: pgfcoreobjects.code.tex 2025-08-29 v3.1.11a (3.1.11a)
)
(C:/Users/tburdinat/AppData/Local/Programs/MiKTeX/tex/generic/pgf/basiclayer/pg
fcorepathprocessing.code.tex
File: pgfcorepathprocessing.code.tex 2025-08-29 v3.1.11a (3.1.11a)
)
(C:/Users/tburdinat/AppData/Local/Programs/MiKTeX/tex/generic/pgf/basiclayer/pg
fcorearrows.code.tex
File: pgfcorearrows.code.tex 2025-08-29 v3.1.11a (3.1.11a)
\pgfarrowsep=\dimen194
)
(C:/Users/tburdinat/AppData/Local/Programs/MiKTeX/tex/generic/pgf/basiclayer/pg
fcoreshade.code.tex
File: pgfcoreshade.code.tex 2025-08-29 v3.1.11a (3.1.11a)
\pgf@max=\dimen195
\pgf@sys@shading@range@num=\count295
\pgf@shadingcount=\count296
)
(C:/Users/tburdinat/AppData/Local/Programs/MiKTeX/tex/generic/pgf/basiclayer/pg
fcoreimage.code.tex
File: pgfcoreimage.code.tex 2025-08-29 v3.1.11a (3.1.11a)
)
(C:/Users/tburdinat/AppData/Local/Programs/MiKTeX/tex/generic/pgf/basiclayer/pg
fcoreexternal.code.tex
File: pgfcoreexternal.code.tex 2025-08-29 v3.1.11a (3.1.11a)
\pgfexternal@startupbox=\box58
)
(C:/Users/tburdinat/AppData/Local/Programs/MiKTeX/tex/generic/pgf/basiclayer/pg
fcorelayers.code.tex
File: pgfcorelayers.code.tex 2025-08-29 v3.1.11a (3.1.11a)
)
(C:/Users/tburdinat/AppData/Local/Programs/MiKTeX/tex/generic/pgf/basiclayer/pg
fcoretransparency.code.tex
File: pgfcoretransparency.code.tex 2025-08-29 v3.1.11a (3.1.11a)
)
(C:/Users/tburdinat/AppData/Local/Programs/MiKTeX/tex/generic/pgf/basiclayer/pg
fcorepatterns.code.tex
File: pgfcorepatterns.code.tex 2025-08-29 v3.1.11a (3.1.11a)
)
(C:/Users/tburdinat/AppData/Local/Programs/MiKTeX/tex/generic/pgf/basiclayer/pg
fcorerdf.code.tex
File: pgfcorerdf.code.tex 2025-08-29 v3.1.11a (3.1.11a)
)))
(C:/Users/tburdinat/AppData/Local/Programs/MiKTeX/tex/generic/pgf/modules/pgfmo
duleshapes.code.tex
File: pgfmoduleshapes.code.tex 2025-08-29 v3.1.11a (3.1.11a)
\pgfnodeparttextbox=\box59
)
(C:/Users/tburdinat/AppData/Local/Programs/MiKTeX/tex/generic/pgf/modules/pgfmo
duleplot.code.tex
File: pgfmoduleplot.code.tex 2025-08-29 v3.1.11a (3.1.11a)
)
(C:/Users/tburdinat/AppData/Local/Programs/MiKTeX/tex/latex/pgf/compatibility/p
gfcomp-version-0-65.sty
Package: pgfcomp-version-0-65 2025-08-29 v3.1.11a (3.1.11a)
\pgf@nodesepstart=\dimen196
\pgf@nodesepend=\dimen197
)
(C:/Users/tburdinat/AppData/Local/Programs/MiKTeX/tex/latex/pgf/compatibility/p
gfcomp-version-1-18.sty
Package: pgfcomp-version-1-18 2025-08-29 v3.1.11a (3.1.11a)
))
(C:/Users/tburdinat/AppData/Local/Programs/MiKTeX/tex/latex/pgf/utilities/pgffo
r.sty
(C:/Users/tburdinat/AppData/Local/Programs/MiKTeX/tex/latex/pgf/utilities/pgfke
ys.sty
(C:/Users/tburdinat/AppData/Local/Programs/MiKTeX/tex/generic/pgf/utilities/pgf
keys.code.tex))
(C:/Users/tburdinat/AppData/Local/Programs/MiKTeX/tex/latex/pgf/math/pgfmath.st
y
(C:/Users/tburdinat/AppData/Local/Programs/MiKTeX/tex/generic/pgf/math/pgfmath.
code.tex))
(C:/Users/tburdinat/AppData/Local/Programs/MiKTeX/tex/generic/pgf/utilities/pgf
for.code.tex
Package: pgffor 2025-08-29 v3.1.11a (3.1.11a)
\pgffor@iter=\dimen198
\pgffor@skip=\dimen199
\pgffor@stack=\toks31
\pgffor@toks=\toks32
))
(C:/Users/tburdinat/AppData/Local/Programs/MiKTeX/tex/generic/pgf/frontendlayer
/tikz/tikz.code.tex
Package: tikz 2025-08-29 v3.1.11a (3.1.11a)

(C:/Users/tburdinat/AppData/Local/Programs/MiKTeX/tex/generic/pgf/libraries/pgf
libraryplothandlers.code.tex
File: pgflibraryplothandlers.code.tex 2025-08-29 v3.1.11a (3.1.11a)
\pgf@plot@mark@count=\count297
\pgfplotmarksize=\dimen256
)
\tikz@lastx=\dimen257
\tikz@lasty=\dimen258
\tikz@lastxsaved=\dimen259
\tikz@lastysaved=\dimen260
\tikz@lastmovetox=\dimen261
\tikz@lastmovetoy=\dimen262
\tikzleveldistance=\dimen263
\tikzsiblingdistance=\dimen264
\tikz@figbox=\box60
\tikz@figbox@bg=\box61
\tikz@tempbox=\box62
\tikz@tempbox@bg=\box63
\tikztreelevel=\count298
\tikznumberofchildren=\count299
\tikznumberofcurrentchild=\count300
\tikz@fig@count=\count301

(C:/Users/tburdinat/AppData/Local/Programs/MiKTeX/tex/generic/pgf/modules/pgfmo
dulematrix.code.tex
File: pgfmodulematrix.code.tex 2025-08-29 v3.1.11a (3.1.11a)
\pgfmatrixcurrentrow=\count302
\pgfmatrixcurrentcolumn=\count303
\pgf@matrix@numberofcolumns=\count304
)
\tikz@expandcount=\count305

(C:/Users/tburdinat/AppData/Local/Programs/MiKTeX/tex/generic/pgf/frontendlayer
/tikz/libraries/tikzlibrarytopaths.code.tex
File: tikzlibrarytopaths.code.tex 2025-08-29 v3.1.11a (3.1.11a)
)))
(C:/Users/tburdinat/AppData/Local/Programs/MiKTeX/tex/latex/tools/verbatim.sty
Package: verbatim 2024-01-22 v1.5x LaTeX2e package for verbatim enhancements
\every@verbatim=\toks33
\verbatim@line=\toks34
\verbatim@in@stream=\read4
)
(C:/Users/tburdinat/AppData/Local/Programs/MiKTeX/tex/latex/environ/environ.sty
Package: environ 2014/05/04 v0.3 A new way to define environments

(C:/Users/tburdinat/AppData/Local/Programs/MiKTeX/tex/latex/trimspaces/trimspac
es.sty
Package: trimspaces 2009/09/17 v1.1 Trim spaces around a token list
)
\@envbody=\toks35
)
(C:/Users/tburdinat/AppData/Local/Programs/MiKTeX/tex/latex/etoolbox/etoolbox.s
ty
Package: etoolbox 2025/10/02 v2.5m e-TeX tools for LaTeX (JAW)
\etb@tempcnta=\count306
)
\tcb@titlebox=\box64
\tcb@upperbox=\box65
\tcb@lowerbox=\box66
\tcb@phantombox=\box67
\c@tcbbreakpart=\count307
\c@tcblayer=\count308
\c@tcolorbox@number=\count309
\l__tcobox_tmpa_box=\box68
\l__tcobox_tmpa_dim=\dimen265
\tcb@temp=\box69
\tcb@temp=\box70
\tcb@temp=\box71
\tcb@temp=\box72

(C:/Users/tburdinat/AppData/Local/Programs/MiKTeX/tex/latex/tcolorbox/tcbraster
.code.tex
Library (tcolorbox): 'tcbraster.code.tex' version '6.9.0'
\c@tcbrastercolumn=\count310
\c@tcbrasterrow=\count311
\c@tcbrasternum=\count312
\c@tcbraster=\count313
)
(C:/Users/tburdinat/AppData/Local/Programs/MiKTeX/tex/latex/tcolorbox/tcbskins.
code.tex
Library (tcolorbox): 'tcbskins.code.tex' version '6.9.0'

(C:/Users/tburdinat/AppData/Local/Programs/MiKTeX/tex/latex/tikzfill/tikzfill.i
mage.sty
Package: tikzfill.image 2023/08/08 v1.0.1 Image filling library for TikZ

(C:/Users/tburdinat/AppData/Local/Programs/MiKTeX/tex/latex/tikzfill/tikzfill-c
ommon.sty
Package: tikzfill-common 2023/08/08 v1.0.1 Auxiliary code for tikzfill
)
(C:/Users/tburdinat/AppData/Local/Programs/MiKTeX/tex/latex/tikzfill/tikzlibrar
yfill.image.code.tex
File: tikzlibraryfill.image.code.tex 2023/08/08 v1.0.1 Image filling library
\l__tikzfill_img_box=\box73
))
(C:/Users/tburdinat/AppData/Local/Programs/MiKTeX/tex/latex/tcolorbox/tcbskinsj
igsaw.code.tex
Library (tcolorbox): 'tcbskinsjigsaw.code.tex' version '6.9.0'
))
(C:/Users/tburdinat/AppData/Local/Programs/MiKTeX/tex/latex/tcolorbox/tcbbreaka
ble.code.tex
Library (tcolorbox): 'tcbbreakable.code.tex' version '6.9.0'
(C:/Users/tburdinat/AppData/Local/Programs/MiKTeX/tex/latex/pdfcol/pdfcol.sty
Package: pdfcol 2022-09-21 v1.7 Handle new color stacks for pdfTeX (HO)

(C:/Users/tburdinat/AppData/Local/Programs/MiKTeX/tex/generic/ltxcmds/ltxcmds.s
ty
Package: ltxcmds 2023-12-04 v1.26 LaTeX kernel commands for general use (HO)
)
(C:/Users/tburdinat/AppData/Local/Programs/MiKTeX/tex/generic/infwarerr/infware
rr.sty
Package: infwarerr 2019/12/03 v1.5 Providing info/warning/error messages (HO)
))
Package pdfcol Info: New color stack `tcb@breakable' = 1 on input line 23.
\tcb@testbox=\box74
\tcb@totalupperbox=\box75
\tcb@totallowerbox=\box76

(C:/Users/tburdinat/AppData/Local/Programs/MiKTeX/tex/generic/iftex/ifluatex.st
y
Package: ifluatex 2019/10/25 v1.5 ifluatex legacy package. Use iftex instead.
))
(C:/Users/tburdinat/AppData/Local/Programs/MiKTeX/tex/latex/tcolorbox/tcbhooks.
code.tex
Library (tcolorbox): 'tcbhooks.code.tex' version '6.9.0'
)
(C:/Users/tburdinat/AppData/Local/Programs/MiKTeX/tex/latex/tcolorbox/tcbtheore
ms.code.tex
Library (tcolorbox): 'tcbtheorems.code.tex' version '6.9.0'

(C:/Users/tburdinat/AppData/Local/Programs/MiKTeX/tex/latex/amsmath/amsmath.sty
Package: amsmath 2025/07/09 v2.17z AMS math features
\@mathmargin=\skip51
For additional information on amsmath, use the `?' option.

(C:/Users/tburdinat/AppData/Local/Programs/MiKTeX/tex/latex/amsmath/amstext.sty
Package: amstext 2024/11/17 v2.01 AMS text
(C:/Users/tburdinat/AppData/Local/Programs/MiKTeX/tex/latex/amsmath/amsgen.sty
File: amsgen.sty 1999/11/30 v2.0 generic functions
\@emptytoks=\toks36
\ex@=\dimen266
))
(C:/Users/tburdinat/AppData/Local/Programs/MiKTeX/tex/latex/amsmath/amsbsy.sty
Package: amsbsy 1999/11/29 v1.2d Bold Symbols
\pmbraise@=\dimen267
) (C:/Users/tburdinat/AppData/Local/Programs/MiKTeX/tex/latex/amsmath/amsopn.st
y
Package: amsopn 2022/04/08 v2.04 operator names
)
\inf@bad=\count314
LaTeX Info: Redefining \frac on input line 235.
\uproot@=\count315
\leftroot@=\count316
LaTeX Info: Redefining \overline on input line 398.
LaTeX Info: Redefining \colon on input line 409.
\classnum@=\count317
\DOTSCASE@=\count318
LaTeX Info: Redefining \ldots on input line 495.
LaTeX Info: Redefining \dots on input line 498.
LaTeX Info: Redefining \cdots on input line 619.
\Mathstrutbox@=\box77
\strutbox@=\box78
LaTeX Info: Redefining \big on input line 721.
LaTeX Info: Redefining \Big on input line 722.
LaTeX Info: Redefining \bigg on input line 723.
LaTeX Info: Redefining \Bigg on input line 724.
\big@size=\dimen268
LaTeX Font Info:    Redeclaring font encoding OML on input line 742.
LaTeX Font Info:    Redeclaring font encoding OMS on input line 743.
\macc@depth=\count319
LaTeX Info: Redefining \bmod on input line 904.
LaTeX Info: Redefining \pmod on input line 909.
LaTeX Info: Redefining \smash on input line 939.
LaTeX Info: Redefining \relbar on input line 969.
LaTeX Info: Redefining \Relbar on input line 970.
\c@MaxMatrixCols=\count320
\dotsspace@=\muskip17
\c@parentequation=\count321
\dspbrk@lvl=\count322
\tag@help=\toks37
\row@=\count323
\column@=\count324
\maxfields@=\count325
\andhelp@=\toks38
\eqnshift@=\dimen269
\alignsep@=\dimen270
\tagshift@=\dimen271
\tagwidth@=\dimen272
\totwidth@=\dimen273
\lineht@=\dimen274
\@envbody=\toks39
\multlinegap=\skip52
\multlinetaggap=\skip53
\mathdisplay@stack=\toks40
LaTeX Info: Redefining \[ on input line 2950.
LaTeX Info: Redefining \] on input line 2951.
))
(C:/Users/tburdinat/AppData/Local/Programs/MiKTeX/tex/latex/tcolorbox/tcbfittin
g.code.tex
Library (tcolorbox): 'tcbfitting.code.tex' version '6.9.0'
\tcbfitdim=\dimen275
\tcb@lowerfitdim=\dimen276
\tcb@upperfitdim=\dimen277
\tcb@cur@hbadness=\count326
)
(C:/Users/tburdinat/AppData/Local/Programs/MiKTeX/tex/latex/tcolorbox/tcblistin
gsutf8.code.tex
Library (tcolorbox): 'tcblistingsutf8.code.tex' version '6.9.0'

(C:/Users/tburdinat/AppData/Local/Programs/MiKTeX/tex/latex/tcolorbox/tcblistin
gs.code.tex
Library (tcolorbox): 'tcblistings.code.tex' version '6.9.0'

(C:/Users/tburdinat/AppData/Local/Programs/MiKTeX/tex/latex/listings/listings.s
ty
\lst@mode=\count327
\lst@gtempboxa=\box79
\lst@token=\toks41
\lst@length=\count328
\lst@currlwidth=\dimen278
\lst@column=\count329
\lst@pos=\count330
\lst@lostspace=\dimen279
\lst@width=\dimen280
\lst@newlines=\count331
\lst@lineno=\count332
\lst@maxwidth=\dimen281

(C:/Users/tburdinat/AppData/Local/Programs/MiKTeX/tex/latex/listings/lstpatch.s
ty
File: lstpatch.sty 2025/11/14 1.11b (Carsten Heinz)
)
(C:/Users/tburdinat/AppData/Local/Programs/MiKTeX/tex/latex/listings/lstmisc.st
y
File: lstmisc.sty 2025/11/14 1.11b (Carsten Heinz)
\c@lstnumber=\count333
\lst@skipnumbers=\count334
\lst@framebox=\box80
)
(C:/Users/tburdinat/AppData/Local/Programs/MiKTeX/tex/latex/listings/listings.c
fg
File: listings.cfg 2025/11/14 1.11b listings configuration
))
Package: listings 2025/11/14 1.11b (Carsten Heinz)

==> First Aid for listings.sty no longer applied!
    Expected:
        2024/09/23 1.10c (Carsten Heinz)
    but found:
        2025/11/14 1.11b (Carsten Heinz)
    so I'm assuming it got fixed.

(C:/Users/tburdinat/AppData/Local/Programs/MiKTeX/tex/latex/tcolorbox/tcblistin
gscore.code.tex
Library (tcolorbox): 'tcblistingscore.code.tex' version '6.9.0'

(C:/Users/tburdinat/AppData/Local/Programs/MiKTeX/tex/latex/tcolorbox/tcbproces
sing.code.tex
Library (tcolorbox): 'tcbprocessing.code.tex' version '6.9.0'
)
\c@tcblisting=\count335
))
Package tcolorbox Info: Library `listingsutf8' is compatible with pdftex only. 
Library `listings` is loaded instead. on input line 29.
)
(C:/Users/tburdinat/AppData/Local/Programs/MiKTeX/tex/latex/tcolorbox/tcbextern
al.code.tex
Library (tcolorbox): 'tcbexternal.code.tex' version '6.9.0'
)
(C:/Users/tburdinat/AppData/Local/Programs/MiKTeX/tex/latex/tcolorbox/tcbmagazi
ne.code.tex
Library (tcolorbox): 'tcbmagazine.code.tex' version '6.9.0'
)
(C:/Users/tburdinat/AppData/Local/Programs/MiKTeX/tex/latex/tcolorbox/tcbvignet
te.code.tex
Library (tcolorbox): 'tcbvignette.code.tex' version '6.9.0'

(C:/Users/tburdinat/AppData/Local/Programs/MiKTeX/tex/generic/pgf/frontendlayer
/tikz/libraries/tikzlibraryfadings.code.tex
File: tikzlibraryfadings.code.tex 2025-08-29 v3.1.11a (3.1.11a)

(C:/Users/tburdinat/AppData/Local/Programs/MiKTeX/tex/generic/pgf/libraries/pgf
libraryfadings.code.tex
File: pgflibraryfadings.code.tex 2025-08-29 v3.1.11a (3.1.11a)
)))
(C:/Users/tburdinat/AppData/Local/Programs/MiKTeX/tex/latex/tcolorbox/tcbposter
.code.tex
Library (tcolorbox): 'tcbposter.code.tex' version '6.9.0'
))
(C:/Users/tburdinat/AppData/Local/Programs/MiKTeX/tex/latex/listings/lstlang1.s
ty
File: lstlang1.sty 2025/11/14 1.11b listings language file
)
(C:/Users/tburdinat/AppData/Local/Programs/MiKTeX/tex/latex/booktabs/booktabs.s
ty
Package: booktabs 2020/01/12 v1.61803398 Publication quality tables
\heavyrulewidth=\dimen282
\lightrulewidth=\dimen283
\cmidrulewidth=\dimen284
\belowrulesep=\dimen285
\belowbottomsep=\dimen286
\aboverulesep=\dimen287
\abovetopsep=\dimen288
\cmidrulesep=\dimen289
\cmidrulekern=\dimen290
\defaultaddspace=\dimen291
\@cmidla=\count336
\@cmidlb=\count337
\@aboverulesep=\dimen292
\@belowrulesep=\dimen293
\@thisruleclass=\count338
\@lastruleclass=\count339
\@thisrulewidth=\dimen294
) (C:/Users/tburdinat/AppData/Local/Programs/MiKTeX/tex/latex/tools/array.sty
Package: array 2025/09/25 v2.6n Tabular extension package (FMi)
\col@sep=\dimen295
\ar@mcellbox=\box81
\extrarowheight=\dimen296
\NC@list=\toks42
\extratabsurround=\skip54
\backup@length=\skip55
\ar@cellbox=\box82
)
(C:/Users/tburdinat/AppData/Local/Programs/MiKTeX/tex/latex/multirow/multirow.s
ty
Package: multirow 2024/11/12 v2.9 Span multiple rows of a table
\multirow@colwidth=\skip56
\multirow@cntb=\count340
\multirow@dima=\skip57
\bigstrutjot=\dimen297
)
(C:/Users/tburdinat/AppData/Local/Programs/MiKTeX/tex/latex/enumitem/enumitem.s
ty
Package: enumitem 2025/02/06 v3.11 Customized lists
\labelindent=\skip58
\enit@outerparindent=\dimen298
\enit@toks=\toks43
\enit@inbox=\box83
\enit@count@id=\count341
\enitdp@description=\count342
)
(C:/Users/tburdinat/AppData/Local/Programs/MiKTeX/tex/latex/amsfonts/amssymb.st
y
Package: amssymb 2013/01/14 v3.01 AMS font symbols

(C:/Users/tburdinat/AppData/Local/Programs/MiKTeX/tex/latex/amsfonts/amsfonts.s
ty
Package: amsfonts 2013/01/14 v3.01 Basic AMSFonts support
\symAMSa=\mathgroup4
\symAMSb=\mathgroup5
LaTeX Font Info:    Redeclaring math symbol \hbar on input line 98.
LaTeX Font Info:    Overwriting math alphabet `\mathfrak' in version `bold'
(Font)                  U/euf/m/n --> U/euf/b/n on input line 106.
))
(C:/Users/tburdinat/AppData/Local/Programs/MiKTeX/tex/latex/hyperref/hyperref.s
ty
Package: hyperref 2026-01-29 v7.01p Hypertext links for LaTeX

(C:/Users/tburdinat/AppData/Local/Programs/MiKTeX/tex/latex/kvsetkeys/kvsetkeys
.sty
Package: kvsetkeys 2022-10-05 v1.19 Key value parser (HO)
)
(C:/Users/tburdinat/AppData/Local/Programs/MiKTeX/tex/generic/kvdefinekeys/kvde
finekeys.sty
Package: kvdefinekeys 2019-12-19 v1.6 Define keys (HO)
)
(C:/Users/tburdinat/AppData/Local/Programs/MiKTeX/tex/generic/pdfescape/pdfesca
pe.sty
Package: pdfescape 2019/12/09 v1.15 Implements pdfTeX's escape features (HO)

(C:/Users/tburdinat/AppData/Local/Programs/MiKTeX/tex/generic/pdftexcmds/pdftex
cmds.sty
Package: pdftexcmds 2020-06-27 v0.33 Utility functions of pdfTeX for LuaTeX (HO
)
Package pdftexcmds Info: \pdf@primitive is available.
Package pdftexcmds Info: \pdf@ifprimitive is available.
Package pdftexcmds Info: \pdfdraftmode found.
\pdftexcmds@toks=\toks44
))
(C:/Users/tburdinat/AppData/Local/Programs/MiKTeX/tex/latex/hycolor/hycolor.sty
Package: hycolor 2020-01-27 v1.10 Color options for hyperref/bookmark (HO)
)
(C:/Users/tburdinat/AppData/Local/Programs/MiKTeX/tex/latex/hyperref/nameref.st
y
Package: nameref 2026-01-29 v2.58 Cross-referencing by name of section

(C:/Users/tburdinat/AppData/Local/Programs/MiKTeX/tex/latex/refcount/refcount.s
ty
Package: refcount 2019/12/15 v3.6 Data extraction from label references (HO)
)
(C:/Users/tburdinat/AppData/Local/Programs/MiKTeX/tex/generic/gettitlestring/ge
ttitlestring.sty
Package: gettitlestring 2019/12/15 v1.6 Cleanup title references (HO)

(C:/Users/tburdinat/AppData/Local/Programs/MiKTeX/tex/latex/kvoptions/kvoptions
.sty
Package: kvoptions 2022-06-15 v3.15 Key value format for package options (HO)
))
\c@section@level=\count343
)
(C:/Users/tburdinat/AppData/Local/Programs/MiKTeX/tex/generic/stringenc/stringe
nc.sty
Package: stringenc 2019/11/29 v1.12 Convert strings between diff. encodings (HO
)
)
\@linkdim=\dimen299
\Hy@linkcounter=\count344
\Hy@pagecounter=\count345

(C:/Users/tburdinat/AppData/Local/Programs/MiKTeX/tex/latex/hyperref/pd1enc.def
File: pd1enc.def 2026-01-29 v7.01p Hyperref: PDFDocEncoding definition (HO)
)
(C:/Users/tburdinat/AppData/Local/Programs/MiKTeX/tex/generic/intcalc/intcalc.s
ty
Package: intcalc 2019/12/15 v1.3 Expandable calculations with integers (HO)
)
\Hy@SavedSpaceFactor=\count346

(C:/Users/tburdinat/AppData/Local/Programs/MiKTeX/tex/latex/hyperref/puenc.def
File: puenc.def 2026-01-29 v7.01p Hyperref: PDF Unicode definition (HO)
)
Package hyperref Info: Hyper figures OFF on input line 4201.
Package hyperref Info: Link nesting OFF on input line 4206.
Package hyperref Info: Hyper index ON on input line 4209.
Package hyperref Info: Plain pages OFF on input line 4216.
Package hyperref Info: Backreferencing OFF on input line 4221.
Package hyperref Info: Implicit mode ON; LaTeX internals redefined.
Package hyperref Info: Bookmarks ON on input line 4468.
\c@Hy@tempcnt=\count347
(C:/Users/tburdinat/AppData/Local/Programs/MiKTeX/tex/latex/url/url.sty
\Urlmuskip=\muskip18
Package: url 2013/09/16  ver 3.4  Verb mode for urls, etc.
)
LaTeX Info: Redefining \url on input line 4807.
\XeTeXLinkMargin=\dimen300

(C:/Users/tburdinat/AppData/Local/Programs/MiKTeX/tex/generic/bitset/bitset.sty
Package: bitset 2019/12/09 v1.3 Handle bit-vector datatype (HO)

(C:/Users/tburdinat/AppData/Local/Programs/MiKTeX/tex/generic/bigintcalc/bigint
calc.sty
Package: bigintcalc 2019/12/15 v1.5 Expandable calculations on big integers (HO
)
))
\Fld@menulength=\count348
\Field@Width=\dimen301
\Fld@charsize=\dimen302
Package hyperref Info: Hyper figures OFF on input line 6084.
Package hyperref Info: Link nesting OFF on input line 6089.
Package hyperref Info: Hyper index ON on input line 6092.
Package hyperref Info: backreferencing OFF on input line 6099.
Package hyperref Info: Link coloring OFF on input line 6104.
Package hyperref Info: Link coloring with OCG OFF on input line 6109.
Package hyperref Info: PDF/A mode OFF on input line 6114.
\Hy@abspage=\count349
\c@Item=\count350
\c@Hfootnote=\count351
)
Package hyperref Info: Driver (autodetected): hluatex.

(C:/Users/tburdinat/AppData/Local/Programs/MiKTeX/tex/latex/hyperref/hluatex.de
f
File: hluatex.def 2026-01-29 v7.01p Hyperref driver for luaTeX
\Fld@listcount=\count352
\c@bookmark@seq@number=\count353

(C:/Users/tburdinat/AppData/Local/Programs/MiKTeX/tex/latex/rerunfilecheck/reru
nfilecheck.sty
Package: rerunfilecheck 2025-06-21 v1.11 Rerun checks for auxiliary files (HO)

(C:/Users/tburdinat/AppData/Local/Programs/MiKTeX/tex/generic/uniquecounter/uni
quecounter.sty
Package: uniquecounter 2019/12/15 v1.4 Provide unlimited unique counter (HO)
)
Package uniquecounter Info: New unique counter `rerunfilecheck' on input line 2
84.
)
\Hy@SectionHShift=\skip59
)
Package hyperref Info: Option `colorlinks' set `true' on input line 64.

(C:/Users/tburdinat/AppData/Local/Programs/MiKTeX/tex/latex/fancyhdr/fancyhdr.s
ty
Package: fancyhdr 2025/02/07 v5.2 Extensive control of page headers and footers

\f@nch@headwidth=\skip60
\f@nch@offset@elh=\skip61
\f@nch@offset@erh=\skip62
\f@nch@offset@olh=\skip63
\f@nch@offset@orh=\skip64
\f@nch@offset@elf=\skip65
\f@nch@offset@erf=\skip66
\f@nch@offset@olf=\skip67
\f@nch@offset@orf=\skip68
\f@nch@height=\skip69
\f@nch@footalignment=\skip70
\f@nch@widthL=\skip71
\f@nch@widthC=\skip72
\f@nch@widthR=\skip73
\@temptokenb=\toks45
)
(C:/Users/tburdinat/AppData/Local/Programs/MiKTeX/tex/latex/titlesec/titlesec.s
ty
Package: titlesec 2025/01/04 v2.17 Sectioning titles
\ttl@box=\box84
\beforetitleunit=\skip74
\aftertitleunit=\skip75
\ttl@plus=\dimen303
\ttl@minus=\dimen304
\ttl@toksa=\toks46
\titlewidth=\dimen305
\titlewidthlast=\dimen306
\titlewidthfirst=\dimen307
)
(C:/Users/tburdinat/AppData/Local/Programs/MiKTeX/tex/latex/l3backend/l3backend
-luatex.def
File: l3backend-luatex.def 2025-10-09 L3 backend support: PDF output (LuaTeX)
\l__color_backend_stack_int=\count354
Inserting `l3color' in `luaotfload.parse_color'.) (./lab4.aux)
\openout1 = lab4.aux

LaTeX Font Info:    Checking defaults for OML/cmm/m/it on input line 78.
LaTeX Font Info:    ... okay on input line 78.
LaTeX Font Info:    Checking defaults for OMS/cmsy/m/n on input line 78.
LaTeX Font Info:    ... okay on input line 78.
LaTeX Font Info:    Checking defaults for OT1/cmr/m/n on input line 78.
LaTeX Font Info:    ... okay on input line 78.
LaTeX Font Info:    Checking defaults for T1/cmr/m/n on input line 78.
LaTeX Font Info:    ... okay on input line 78.
LaTeX Font Info:    Checking defaults for TS1/cmr/m/n on input line 78.
LaTeX Font Info:    ... okay on input line 78.
LaTeX Font Info:    Checking defaults for TU/lmr/m/n on input line 78.
LaTeX Font Info:    ... okay on input line 78.
LaTeX Font Info:    Checking defaults for OMX/cmex/m/n on input line 78.
LaTeX Font Info:    ... okay on input line 78.
LaTeX Font Info:    Checking defaults for U/cmr/m/n on input line 78.
LaTeX Font Info:    ... okay on input line 78.
LaTeX Font Info:    Checking defaults for PD1/pdf/m/n on input line 78.
LaTeX Font Info:    ... okay on input line 78.
LaTeX Font Info:    Checking defaults for PU/pdf/m/n on input line 78.
LaTeX Font Info:    ... okay on input line 78.

*geometry* driver: auto-detecting
*geometry* detected driver: luatex
*geometry* verbose mode - [ preamble ] result:
* driver: luatex
* paper: a4paper
* layout: <same size as paper>
* layoutoffset:(h,v)=(0.0pt,0.0pt)
* modes: 
* h-part:(L,W,R)=(62.59596pt, 472.31595pt, 62.59596pt)
* v-part:(T,H,B)=(71.13188pt, 702.78308pt, 71.13188pt)
* \paperwidth=597.50787pt
* \paperheight=845.04684pt
* \textwidth=472.31595pt
* \textheight=702.78308pt
* \oddsidemargin=-9.67403pt
* \evensidemargin=-9.67403pt
* \topmargin=-38.1381pt
* \headheight=12.0pt
* \headsep=25.0pt
* \topskip=11.0pt
* \footskip=30.0pt
* \marginparwidth=50.0pt
* \marginparsep=10.0pt
* \columnsep=10.0pt
* \skip\footins=10.0pt plus 4.0pt minus 2.0pt
* \hoffset=0.0pt
* \voffset=0.0pt
* \mag=1000
* \@twocolumnfalse
* \@twosidefalse
* \@mparswitchfalse
* \@reversemarginfalse
* (1in=72.27pt=25.4mm, 1cm=28.453pt)


(C:/Users/tburdinat/AppData/Local/Programs/MiKTeX/tex/context/base/mkii/supp-pd
f.mkii
[Loading MPS to PDF converter (version 2006.09.02).]
\scratchcounter=\count355
\scratchdimen=\dimen308
\scratchbox=\box85
\nofMPsegments=\count356
\nofMParguments=\count357
\everyMPshowfont=\toks47
\MPscratchCnt=\count358
\MPscratchDim=\dimen309
\MPnumerator=\count359
\makeMPintoPDFobject=\count360
\everyMPtoPDFconversion=\toks48
)
(C:/Users/tburdinat/AppData/Local/Programs/MiKTeX/tex/latex/epstopdf-pkg/epstop
df-base.sty
Package: epstopdf-base 2020-01-24 v2.11 Base part for package epstopdf
Package epstopdf-base Info: Redefining graphics rule for `.eps' on input line 4
85.

(C:/Users/tburdinat/AppData/Local/Programs/MiKTeX/tex/latex/00miktex/epstopdf-s
ys.cfg
File: epstopdf-sys.cfg 2021/03/18 v2.0 Configuration of epstopdf for MiKTeX
))
\c@lstlisting=\count361
Package hyperref Info: Link coloring ON on input line 78.
 (./lab4.out) (./lab4.out)
\@outlinefile=\write4

\openout4 = lab4.out
LaTeX Font Info:    Trying to load font information for T1+lmtt on input line 8
3.

(C:/Users/tburdinat/AppData/Local/Programs/MiKTeX/tex/latex/lm/t1lmtt.fd
File: t1lmtt.fd 2015/05/01 v1.6.1 Font defs for Latin Modern
)
LaTeX Font Info:    Trying to load font information for OT1+lmr on input line 1
08.

(C:/Users/tburdinat/AppData/Local/Programs/MiKTeX/tex/latex/lm/ot1lmr.fd
File: ot1lmr.fd 2015/05/01 v1.6.1 Font defs for Latin Modern
)
LaTeX Font Info:    Trying to load font information for OML+lmm on input line 1
08.

(C:/Users/tburdinat/AppData/Local/Programs/MiKTeX/tex/latex/lm/omllmm.fd
File: omllmm.fd 2015/05/01 v1.6.1 Font defs for Latin Modern
)
LaTeX Font Info:    Trying to load font information for OMS+lmsy on input line 
108.

(C:/Users/tburdinat/AppData/Local/Programs/MiKTeX/tex/latex/lm/omslmsy.fd
File: omslmsy.fd 2015/05/01 v1.6.1 Font defs for Latin Modern
)
LaTeX Font Info:    Trying to load font information for OMX+lmex on input line 
108.

(C:/Users/tburdinat/AppData/Local/Programs/MiKTeX/tex/latex/lm/omxlmex.fd
File: omxlmex.fd 2015/05/01 v1.6.1 Font defs for Latin Modern
)
LaTeX Font Info:    External font `lmex10' loaded for size
(Font)              <10.95> on input line 108.
LaTeX Font Info:    External font `lmex10' loaded for size
(Font)              <8> on input line 108.
LaTeX Font Info:    External font `lmex10' loaded for size
(Font)              <6> on input line 108.
LaTeX Font Info:    Trying to load font information for U+msa on input line 108
.

(C:/Users/tburdinat/AppData/Local/Programs/MiKTeX/tex/latex/amsfonts/umsa.fd
File: umsa.fd 2013/01/14 v3.01 AMS symbols A
)
LaTeX Font Info:    Trying to load font information for U+msb on input line 108
.

(C:/Users/tburdinat/AppData/Local/Programs/MiKTeX/tex/latex/amsfonts/umsb.fd
File: umsb.fd 2013/01/14 v3.01 AMS symbols B
)
LaTeX Font Info:    Font shape `T1/lmtt/bx/n' in size <14.4> not available
(Font)              Font shape `T1/lmtt/b/n' tried instead on input line 115.
LaTeX Font Info:    Font shape `T1/lmtt/bx/n' in size <10.95> not available
(Font)              Font shape `T1/lmtt/b/n' tried instead on input line 118.

(C:/Users/tburdinat/AppData/Local/Programs/MiKTeX/tex/latex/listings/lstlang1.s
ty
File: lstlang1.sty 2025/11/14 1.11b listings language file
)
(C:/Users/tburdinat/AppData/Local/Programs/MiKTeX/tex/latex/listings/lstlang1.s
ty
File: lstlang1.sty 2025/11/14 1.11b listings language file
)
Overfull \hbox (10.35869pt too wide) in paragraph at lines 128--130
[]\T1/lmr/bx/n/10.95 Nor-mal use: \T1/lmr/m/n/10.95 cre-ates \T1/lmtt/m/n/10.95
 transactions_YYYY-MM-DD.csv \T1/lmr/m/n/10.95 with re-al-is-tic columns (\T1/l
mtt/m/n/10.95 tx_id\T1/lmr/m/n/10.95 , \T1/lmtt/m/n/10.95 category\T1/lmr/m/n/1
0.95 ,
 []

LaTeX Font Info:    External font `lmex10' loaded for size
(Font)              <10> on input line 137.
LaTeX Font Info:    External font `lmex10' loaded for size
(Font)              <7> on input line 137.
LaTeX Font Info:    External font `lmex10' loaded for size
(Font)              <5> on input line 137.
[1{C:/Users/tburdinat/AppData/Local/MiKTeX/fonts/map/pdftex/pdftex.map}

]
LaTeX Font Info:    Font shape `T1/lmtt/bx/n' in size <10> not available
(Font)              Font shape `T1/lmtt/b/n' tried instead on input line 163.

Underfull \hbox (badness 10000) in paragraph at lines 166--167
[]|\T1/lmr/m/n/10 Pro-vided \T1/lmtt/m/n/10 ingest_day
 []


Overfull \hbox (38.62491pt too wide) in paragraph at lines 179--189
 [] 
 []

LaTeX Font Info:    External font `lmex10' loaded for size
(Font)              <12> on input line 207.
[2]
Overfull \hbox (25.36191pt too wide) in paragraph at lines 214--215
[]\T1/lmr/m/n/10.95 Out-puts: Par-quet un-der \T1/lmtt/m/n/10.95 data/curated/dt
=<date>/ \T1/lmr/m/n/10.95 and \T1/lmtt/m/n/10.95 data/reports/dashboard_<date>.
json\T1/lmr/m/n/10.95 . 
 []


Overfull \hbox (68.53842pt too wide) in paragraph at lines 276--279
[]\T1/lmr/bx/n/10.95 Re-quired paths: \T1/lmtt/m/n/10.95 dags/team_<shortname>.p
y\T1/lmr/m/n/10.95 , \T1/lmtt/m/n/10.95 include/team_<shortname>_spark.py\T1/lm
r/m/n/10.95 , \T1/lmtt/m/n/10.95 README_TEAM.md\T1/lmr/m/n/10.95 ;
 []

[3]
Overfull \hbox (111.71944pt too wide) in paragraph at lines 308--310
[]\T1/lmr/m/n/10.95 Copy \T1/lmtt/m/n/10.95 team_TEMPLATE.py $\OMS/lmsy/m/n/10.
95 !$ \T1/lmtt/m/n/10.95 dags/team_<name>.py\T1/lmr/m/n/10.95 ; \T1/lmtt/m/n/10
.95 team_spark_TEMPLATE.py $\OMS/lmsy/m/n/10.95 !$ \T1/lmtt/m/n/10.95 include/te
am_<name>_spark.py\T1/lmr/m/n/10.95 . 
 []

LaTeX Font Info:    External font `lmex10' loaded for size
(Font)              <14.4> on input line 330.
[4]
Underfull \hbox (badness 3428) in paragraph at lines 377--380
[]\T1/lmr/m/n/10.95 Pre-pare a small backup folder (or slides): Air-flow graph 
screen-shot (green run),
 []

[5] [6] (./lab4.aux)
 ***********
LaTeX2e <2025-11-01>
L3 programming layer <2026-01-19>
 ***********
Package rerunfilecheck Info: File `lab4.out' has not changed.
(rerunfilecheck)             Checksum: 0C8CD6A949E9E1E21964B7A02A59EEF7;563.
)

Here is how much of LuaTeX's memory you used:
 30671 strings out of 476076
 195341,1373583 words of node,token memory allocated
 1462 words of node memory still in use:
   30 hlist, 2 vlist, 14 rule, 2 glue, 4 kern, 1 glyph, 157 attribute, 59 glue_s
pec, 79 attribute_list, 2 write, 24 pdf_literal, 24 pdf_colorstack nodes
   avail lists: 2:3539,3:386,4:3102,5:2628,6:105,7:8569,8:2,9:6251,10:23,11:455
 52290 multiletter control sequences out of 65536+600000
 76 fonts using 5060767 bytes
 116i,13n,114p,451b,1007s stack positions out of 10000i,1000n,20000p,200000b,200000s
{C:/Users/tburdinat/AppData/Local/Programs/MiKTeX/fonts/enc/dvips/lm/lm-ts1.enc}
{C:/Users/tburdinat/AppData/Local/Programs/MiKTeX/fonts/enc/dvips/lm/lm-ec.enc}{
C:/Users/tburdinat/AppData/Local/Programs/MiKTeX/fonts/enc/dvips/lm/lm-mathsy.en
c}<C:/Users/tburdinat/AppData/Local/Programs/MiKTeX/fonts/type1/public/lm/lmbx10
.pfb><C:/Users/tburdinat/AppData/Local/Programs/MiKTeX/fonts/type1/public/lm/lmb
x12.pfb><C:/Users/tburdinat/AppData/Local/Programs/MiKTeX/fonts/type1/public/lm/
lmr10.pfb><C:/Users/tburdinat/AppData/Local/Programs/MiKTeX/fonts/type1/public/l
m/lmr12.pfb><C:/Users/tburdinat/AppData/Local/Programs/MiKTeX/fonts/type1/public
/lm/lmri10.pfb><C:/Users/tburdinat/AppData/Local/Programs/MiKTeX/fonts/type1/pub
lic/lm/lmsy10.pfb><C:/Users/tburdinat/AppData/Local/Programs/MiKTeX/fonts/type1/
public/lm/lmtk10.pfb><C:/Users/tburdinat/AppData/Local/Programs/MiKTeX/fonts/typ
e1/public/lm/lmtt10.pfb><C:/Users/tburdinat/AppData/Local/Programs/MiKTeX/fonts/
type1/public/lm/lmtti10.pfb><C:/Users/tburdinat/AppData/Local/Programs/MiKTeX/fo
nts/type1/public/amsfonts/symbols/msam10.pfb>
Output written on lab4.pdf (6 pages, 267109 bytes).

PDF statistics: 169 PDF objects out of 1000 (max. 8388607)
 47 named destinations out of 1000 (max. 1048576)
 280 words of extra memory for PDF output out of 10000 (max. 100000000)

